--------------- Rebuild Started: 05/16/2019 10:28:14 Project: userKitCtrlApp, Configuration: ARM GCC 5.4-2016-q2-update Debug ---------------
Deleting file ".\CortexM3\ARM_GCC_541\Debug\main.o"
Deleting file ".\CortexM3\ARM_GCC_541\Debug\cyfitter_cfg.o"
Deleting file ".\CortexM3\ARM_GCC_541\Debug\cymetadata.o"
Deleting file ".\CortexM3\ARM_GCC_541\Debug\Cm3Start.o"
Deleting file ".\CortexM3\ARM_GCC_541\Debug\CyBootAsmGnu.o"
Deleting file ".\CortexM3\ARM_GCC_541\Debug\CyDmac.o"
Deleting file ".\CortexM3\ARM_GCC_541\Debug\CyFlash.o"
Deleting file ".\CortexM3\ARM_GCC_541\Debug\CyLib.o"
Deleting file ".\CortexM3\ARM_GCC_541\Debug\cyPm.o"
Deleting file ".\CortexM3\ARM_GCC_541\Debug\CySpc.o"
Deleting file ".\CortexM3\ARM_GCC_541\Debug\cyutils.o"
Deleting file ".\CortexM3\ARM_GCC_541\Debug\cy_em_eeprom.o"
Deleting file ".\CortexM3\ARM_GCC_541\Debug\TIA.o"
Deleting file ".\CortexM3\ARM_GCC_541\Debug\TIA_PM.o"
Deleting file ".\CortexM3\ARM_GCC_541\Debug\Rcv_in.o"
Deleting file ".\CortexM3\ARM_GCC_541\Debug\Mixer.o"
Deleting file ".\CortexM3\ARM_GCC_541\Debug\Mixer_PM.o"
Deleting file ".\CortexM3\ARM_GCC_541\Debug\ADC_DelSig.o"
Deleting file ".\CortexM3\ARM_GCC_541\Debug\ADC_DelSig_PM.o"
Deleting file ".\CortexM3\ARM_GCC_541\Debug\ADC_DelSig_INT.o"
Deleting file ".\CortexM3\ARM_GCC_541\Debug\ADC_DelSig_Ext_CP_Clk.o"
Deleting file ".\CortexM3\ARM_GCC_541\Debug\ADC_DelSig_IRQ.o"
Deleting file ".\CortexM3\ARM_GCC_541\Debug\ADC_DelSig_theACLK.o"
Deleting file ".\CortexM3\ARM_GCC_541\Debug\DMA_DelSig_dma.o"
Deleting file ".\CortexM3\ARM_GCC_541\Debug\Filter.o"
Deleting file ".\CortexM3\ARM_GCC_541\Debug\Filter_PM.o"
Deleting file ".\CortexM3\ARM_GCC_541\Debug\Filter_PVT.o"
Deleting file ".\CortexM3\ARM_GCC_541\Debug\Filter_RAM_Data.o"
Deleting file ".\CortexM3\ARM_GCC_541\Debug\Filter_Coefficients.o"
Deleting file ".\CortexM3\ARM_GCC_541\Debug\DMA_Filter_dma.o"
Deleting file ".\CortexM3\ARM_GCC_541\Debug\isr_filter.o"
Deleting file ".\CortexM3\ARM_GCC_541\Debug\Trig_in.o"
Deleting file ".\CortexM3\ARM_GCC_541\Debug\isr_trigger.o"
Deleting file ".\CortexM3\ARM_GCC_541\Debug\Timer_triggerBlocking.o"
Deleting file ".\CortexM3\ARM_GCC_541\Debug\Timer_triggerBlocking_PM.o"
Deleting file ".\CortexM3\ARM_GCC_541\Debug\isr_triggerBlocking.o"
Deleting file ".\CortexM3\ARM_GCC_541\Debug\Clock_LO.o"
Deleting file ".\CortexM3\ARM_GCC_541\Debug\isr_mixerFreq.o"
Deleting file ".\CortexM3\ARM_GCC_541\Debug\PWM_hitIndicator.o"
Deleting file ".\CortexM3\ARM_GCC_541\Debug\PWM_hitIndicator_PM.o"
Deleting file ".\CortexM3\ARM_GCC_541\Debug\Ind_out.o"
Deleting file ".\CortexM3\ARM_GCC_541\Debug\pwm_clock.o"
Deleting file ".\CortexM3\ARM_GCC_541\Debug\I2C_req.o"
Deleting file ".\CortexM3\ARM_GCC_541\Debug\SDA.o"
Deleting file ".\CortexM3\ARM_GCC_541\Debug\SCL.o"
Deleting file ".\CortexM3\ARM_GCC_541\Debug\I2C.o"
Deleting file ".\CortexM3\ARM_GCC_541\Debug\I2C_BOOT.o"
Deleting file ".\CortexM3\ARM_GCC_541\Debug\I2C_INT.o"
Deleting file ".\CortexM3\ARM_GCC_541\Debug\I2C_PM.o"
Deleting file ".\CortexM3\ARM_GCC_541\Debug\I2C_SLAVE.o"
Deleting file ".\CortexM3\ARM_GCC_541\Debug\I2C_MASTER.o"
Deleting file ".\CortexM3\ARM_GCC_541\Debug\timer_clock.o"
Deleting file ".\CortexM3\ARM_GCC_541\Debug\mixerFreq_clock.o"
Deleting file ".\CortexM3\ARM_GCC_541\Debug\transmit_clock.o"
Deleting file ".\CortexM3\ARM_GCC_541\Debug\Transmit_out.o"
Deleting file ".\CortexM3\ARM_GCC_541\Debug\userKitCtrlApp.hex"
Deleting file ".\CortexM3\ARM_GCC_541\Debug\userKitCtrlApp.elf"
Deleting file ".\CortexM3\ARM_GCC_541\Debug\userKitCtrlApp.map"
Deleting file ".\userKitCtrlApp.cycdx"
Deleting file ".\userKitCtrlApp.svd"
Deleting file ".\userKitCtrlApp.rpt"
Deleting file ".\userKitCtrlApp_timing.html"
Deleting file ".\CortexM3\ARM_GCC_541\Debug\.deps\SOURCE_C__ARM_GCC_GENERIC.P"
Deleting file ".\CortexM3\ARM_GCC_541\Debug\.deps\SOURCE_ASM__ARM_GCC_GENERIC.P"
cydsfit.exe -.appdatapath "C:\Users\fresi\AppData\Local\Cypress Semiconductor\PSoC Creator\4.2" -.fdsnotice -.fdswarpdepfile=warp_dependencies.txt -.fdselabdepfile=elab_dependencies.txt -.fdsbldfile=generated_files.txt -.fdsreffile=referenced_files.txt -p C:\Users\fresi\Documents\GitHub\Laser-Tag-Project\PSoC\userKitCtrlApp.cydsn\userKitCtrlApp.cyprj -d CY8C5888LTI-LP097 -s C:\Users\fresi\Documents\GitHub\Laser-Tag-Project\PSoC\userKitCtrlApp.cydsn\Generated_Source\PSoC5 -- -yv2 -q10 -ygs -o2 -v3 -.fftcfgtype=LE
Elaborating Design...
ADD: fit.M0029: information: Voltage Reference Information: Vref 'Vdda/2' is connected to terminal 'vminus' of '\ADC_DelSig:DSM\' but no direct hardware connection exists.
 * C:\Program Files (x86)\Cypress\PSoC Creator\4.2\PSoC Creator\psoc\content\CyComponentLibrary\CyComponentLibrary.cylib\ADC_DelSig_v3_30\PSoC5\ADC_DelSig_v3_30.cysch (Instance:DSM)
 * C:\Users\fresi\Documents\GitHub\Laser-Tag-Project\PSoC\userKitCtrlApp.cydsn\TopDesign\TopDesign.cysch (Instance:vRef_3)
HDL Generation...
Synthesis...
Tech Mapping...
Analog Placement...
Log: apr.M0058: The analog placement iterative improvement is 35% done. (App=cydsfit)
Log: apr.M0058: The analog placement iterative improvement is 87% done. (App=cydsfit)
Analog Routing...
Analog Code Generation...
Digital Placement...
Digital Routing...
Bitstream Generation...
Bitstream Verification...
Static timing analysis...
API Generation...
Dependency Generation...
Cleanup...
arm-none-eabi-gcc.exe -mcpu=cortex-m3 -mthumb -I. -IGenerated_Source\PSoC5 -Wa,-alh=.\CortexM3\ARM_GCC_541\Debug/main.lst -g -D DEBUG -D CY_CORE_ID=0 -Wall -ffunction-sections -ffat-lto-objects -Og -c main.c -o .\CortexM3\ARM_GCC_541\Debug\main.o
arm-none-eabi-gcc.exe -mcpu=cortex-m3 -mthumb -I. -IGenerated_Source\PSoC5 -Wa,-alh=.\CortexM3\ARM_GCC_541\Debug/cyfitter_cfg.lst -g -D DEBUG -D CY_CORE_ID=0 -Wall -ffunction-sections -ffat-lto-objects -Og -c Generated_Source\PSoC5\cyfitter_cfg.c -o .\CortexM3\ARM_GCC_541\Debug\cyfitter_cfg.o
arm-none-eabi-gcc.exe -mcpu=cortex-m3 -mthumb -I. -IGenerated_Source\PSoC5 -Wa,-alh=.\CortexM3\ARM_GCC_541\Debug/cymetadata.lst -g -D DEBUG -D CY_CORE_ID=0 -Wall -ffunction-sections -ffat-lto-objects -Og -c Generated_Source\PSoC5\cymetadata.c -o .\CortexM3\ARM_GCC_541\Debug\cymetadata.o
arm-none-eabi-gcc.exe -mcpu=cortex-m3 -mthumb -I. -IGenerated_Source\PSoC5 -Wa,-alh=.\CortexM3\ARM_GCC_541\Debug/Cm3Start.lst -g -D DEBUG -D CY_CORE_ID=0 -Wall -ffunction-sections -ffat-lto-objects -Og -c Generated_Source\PSoC5\Cm3Start.c -o .\CortexM3\ARM_GCC_541\Debug\Cm3Start.o
arm-none-eabi-gcc.exe -mcpu=cortex-m3 -mthumb -I. -IGenerated_Source\PSoC5 -Wa,-alh=.\CortexM3\ARM_GCC_541\Debug/CyDmac.lst -g -D DEBUG -D CY_CORE_ID=0 -Wall -ffunction-sections -ffat-lto-objects -Og -c Generated_Source\PSoC5\CyDmac.c -o .\CortexM3\ARM_GCC_541\Debug\CyDmac.o
arm-none-eabi-gcc.exe -mcpu=cortex-m3 -mthumb -I. -IGenerated_Source\PSoC5 -Wa,-alh=.\CortexM3\ARM_GCC_541\Debug/CyFlash.lst -g -D DEBUG -D CY_CORE_ID=0 -Wall -ffunction-sections -ffat-lto-objects -Og -c Generated_Source\PSoC5\CyFlash.c -o .\CortexM3\ARM_GCC_541\Debug\CyFlash.o
arm-none-eabi-gcc.exe -mcpu=cortex-m3 -mthumb -I. -IGenerated_Source\PSoC5 -Wa,-alh=.\CortexM3\ARM_GCC_541\Debug/CyLib.lst -g -D DEBUG -D CY_CORE_ID=0 -Wall -ffunction-sections -ffat-lto-objects -Og -c Generated_Source\PSoC5\CyLib.c -o .\CortexM3\ARM_GCC_541\Debug\CyLib.o
arm-none-eabi-gcc.exe -mcpu=cortex-m3 -mthumb -I. -IGenerated_Source\PSoC5 -Wa,-alh=.\CortexM3\ARM_GCC_541\Debug/cyPm.lst -g -D DEBUG -D CY_CORE_ID=0 -Wall -ffunction-sections -ffat-lto-objects -Og -c Generated_Source\PSoC5\cyPm.c -o .\CortexM3\ARM_GCC_541\Debug\cyPm.o
arm-none-eabi-gcc.exe -mcpu=cortex-m3 -mthumb -I. -IGenerated_Source\PSoC5 -Wa,-alh=.\CortexM3\ARM_GCC_541\Debug/CySpc.lst -g -D DEBUG -D CY_CORE_ID=0 -Wall -ffunction-sections -ffat-lto-objects -Og -c Generated_Source\PSoC5\CySpc.c -o .\CortexM3\ARM_GCC_541\Debug\CySpc.o
arm-none-eabi-gcc.exe -mcpu=cortex-m3 -mthumb -I. -IGenerated_Source\PSoC5 -Wa,-alh=.\CortexM3\ARM_GCC_541\Debug/cyutils.lst -g -D DEBUG -D CY_CORE_ID=0 -Wall -ffunction-sections -ffat-lto-objects -Og -c Generated_Source\PSoC5\cyutils.c -o .\CortexM3\ARM_GCC_541\Debug\cyutils.o
arm-none-eabi-gcc.exe -mcpu=cortex-m3 -mthumb -I. -IGenerated_Source\PSoC5 -Wa,-alh=.\CortexM3\ARM_GCC_541\Debug/cy_em_eeprom.lst -g -D DEBUG -D CY_CORE_ID=0 -Wall -ffunction-sections -ffat-lto-objects -Og -c Generated_Source\PSoC5\cy_em_eeprom.c -o .\CortexM3\ARM_GCC_541\Debug\cy_em_eeprom.o
arm-none-eabi-gcc.exe -mcpu=cortex-m3 -mthumb -I. -IGenerated_Source\PSoC5 -Wa,-alh=.\CortexM3\ARM_GCC_541\Debug/TIA.lst -g -D DEBUG -D CY_CORE_ID=0 -Wall -ffunction-sections -ffat-lto-objects -Og -c Generated_Source\PSoC5\TIA.c -o .\CortexM3\ARM_GCC_541\Debug\TIA.o
arm-none-eabi-gcc.exe -mcpu=cortex-m3 -mthumb -I. -IGenerated_Source\PSoC5 -Wa,-alh=.\CortexM3\ARM_GCC_541\Debug/TIA_PM.lst -g -D DEBUG -D CY_CORE_ID=0 -Wall -ffunction-sections -ffat-lto-objects -Og -c Generated_Source\PSoC5\TIA_PM.c -o .\CortexM3\ARM_GCC_541\Debug\TIA_PM.o
arm-none-eabi-gcc.exe -mcpu=cortex-m3 -mthumb -I. -IGenerated_Source\PSoC5 -Wa,-alh=.\CortexM3\ARM_GCC_541\Debug/Rcv_in.lst -g -D DEBUG -D CY_CORE_ID=0 -Wall -ffunction-sections -ffat-lto-objects -Og -c Generated_Source\PSoC5\Rcv_in.c -o .\CortexM3\ARM_GCC_541\Debug\Rcv_in.o
arm-none-eabi-gcc.exe -mcpu=cortex-m3 -mthumb -I. -IGenerated_Source\PSoC5 -Wa,-alh=.\CortexM3\ARM_GCC_541\Debug/Mixer.lst -g -D DEBUG -D CY_CORE_ID=0 -Wall -ffunction-sections -ffat-lto-objects -Og -c Generated_Source\PSoC5\Mixer.c -o .\CortexM3\ARM_GCC_541\Debug\Mixer.o
arm-none-eabi-gcc.exe -mcpu=cortex-m3 -mthumb -I. -IGenerated_Source\PSoC5 -Wa,-alh=.\CortexM3\ARM_GCC_541\Debug/Mixer_PM.lst -g -D DEBUG -D CY_CORE_ID=0 -Wall -ffunction-sections -ffat-lto-objects -Og -c Generated_Source\PSoC5\Mixer_PM.c -o .\CortexM3\ARM_GCC_541\Debug\Mixer_PM.o
arm-none-eabi-gcc.exe -mcpu=cortex-m3 -mthumb -I. -IGenerated_Source\PSoC5 -Wa,-alh=.\CortexM3\ARM_GCC_541\Debug/ADC_DelSig.lst -g -D DEBUG -D CY_CORE_ID=0 -Wall -ffunction-sections -ffat-lto-objects -Og -c Generated_Source\PSoC5\ADC_DelSig.c -o .\CortexM3\ARM_GCC_541\Debug\ADC_DelSig.o
arm-none-eabi-gcc.exe -mcpu=cortex-m3 -mthumb -I. -IGenerated_Source\PSoC5 -Wa,-alh=.\CortexM3\ARM_GCC_541\Debug/ADC_DelSig_PM.lst -g -D DEBUG -D CY_CORE_ID=0 -Wall -ffunction-sections -ffat-lto-objects -Og -c Generated_Source\PSoC5\ADC_DelSig_PM.c -o .\CortexM3\ARM_GCC_541\Debug\ADC_DelSig_PM.o
arm-none-eabi-gcc.exe -mcpu=cortex-m3 -mthumb -I. -IGenerated_Source\PSoC5 -Wa,-alh=.\CortexM3\ARM_GCC_541\Debug/ADC_DelSig_INT.lst -g -D DEBUG -D CY_CORE_ID=0 -Wall -ffunction-sections -ffat-lto-objects -Og -c Generated_Source\PSoC5\ADC_DelSig_INT.c -o .\CortexM3\ARM_GCC_541\Debug\ADC_DelSig_INT.o
arm-none-eabi-gcc.exe -mcpu=cortex-m3 -mthumb -I. -IGenerated_Source\PSoC5 -Wa,-alh=.\CortexM3\ARM_GCC_541\Debug/ADC_DelSig_Ext_CP_Clk.lst -g -D DEBUG -D CY_CORE_ID=0 -Wall -ffunction-sections -ffat-lto-objects -Og -c Generated_Source\PSoC5\ADC_DelSig_Ext_CP_Clk.c -o .\CortexM3\ARM_GCC_541\Debug\ADC_DelSig_Ext_CP_Clk.o
arm-none-eabi-gcc.exe -mcpu=cortex-m3 -mthumb -I. -IGenerated_Source\PSoC5 -Wa,-alh=.\CortexM3\ARM_GCC_541\Debug/ADC_DelSig_IRQ.lst -g -D DEBUG -D CY_CORE_ID=0 -Wall -ffunction-sections -ffat-lto-objects -Og -c Generated_Source\PSoC5\ADC_DelSig_IRQ.c -o .\CortexM3\ARM_GCC_541\Debug\ADC_DelSig_IRQ.o
arm-none-eabi-gcc.exe -mcpu=cortex-m3 -mthumb -I. -IGenerated_Source\PSoC5 -Wa,-alh=.\CortexM3\ARM_GCC_541\Debug/ADC_DelSig_theACLK.lst -g -D DEBUG -D CY_CORE_ID=0 -Wall -ffunction-sections -ffat-lto-objects -Og -c Generated_Source\PSoC5\ADC_DelSig_theACLK.c -o .\CortexM3\ARM_GCC_541\Debug\ADC_DelSig_theACLK.o
arm-none-eabi-gcc.exe -mcpu=cortex-m3 -mthumb -I. -IGenerated_Source\PSoC5 -Wa,-alh=.\CortexM3\ARM_GCC_541\Debug/DMA_DelSig_dma.lst -g -D DEBUG -D CY_CORE_ID=0 -Wall -ffunction-sections -ffat-lto-objects -Og -c Generated_Source\PSoC5\DMA_DelSig_dma.c -o .\CortexM3\ARM_GCC_541\Debug\DMA_DelSig_dma.o
arm-none-eabi-gcc.exe -mcpu=cortex-m3 -mthumb -I. -IGenerated_Source\PSoC5 -Wa,-alh=.\CortexM3\ARM_GCC_541\Debug/Filter.lst -g -D DEBUG -D CY_CORE_ID=0 -Wall -ffunction-sections -ffat-lto-objects -Og -c Generated_Source\PSoC5\Filter.c -o .\CortexM3\ARM_GCC_541\Debug\Filter.o
arm-none-eabi-gcc.exe -mcpu=cortex-m3 -mthumb -I. -IGenerated_Source\PSoC5 -Wa,-alh=.\CortexM3\ARM_GCC_541\Debug/Filter_PM.lst -g -D DEBUG -D CY_CORE_ID=0 -Wall -ffunction-sections -ffat-lto-objects -Og -c Generated_Source\PSoC5\Filter_PM.c -o .\CortexM3\ARM_GCC_541\Debug\Filter_PM.o
arm-none-eabi-gcc.exe -mcpu=cortex-m3 -mthumb -I. -IGenerated_Source\PSoC5 -Wa,-alh=.\CortexM3\ARM_GCC_541\Debug/Filter_PVT.lst -g -D DEBUG -D CY_CORE_ID=0 -Wall -ffunction-sections -ffat-lto-objects -Og -c Generated_Source\PSoC5\Filter_PVT.c -o .\CortexM3\ARM_GCC_541\Debug\Filter_PVT.o
arm-none-eabi-gcc.exe -mcpu=cortex-m3 -mthumb -I. -IGenerated_Source\PSoC5 -Wa,-alh=.\CortexM3\ARM_GCC_541\Debug/Filter_RAM_Data.lst -g -D DEBUG -D CY_CORE_ID=0 -Wall -ffunction-sections -ffat-lto-objects -Og -c Generated_Source\PSoC5\Filter_RAM_Data.c -o .\CortexM3\ARM_GCC_541\Debug\Filter_RAM_Data.o
arm-none-eabi-gcc.exe -mcpu=cortex-m3 -mthumb -I. -IGenerated_Source\PSoC5 -Wa,-alh=.\CortexM3\ARM_GCC_541\Debug/Filter_Coefficients.lst -g -D DEBUG -D CY_CORE_ID=0 -Wall -ffunction-sections -ffat-lto-objects -Og -c Generated_Source\PSoC5\Filter_Coefficients.c -o .\CortexM3\ARM_GCC_541\Debug\Filter_Coefficients.o
arm-none-eabi-gcc.exe -mcpu=cortex-m3 -mthumb -I. -IGenerated_Source\PSoC5 -Wa,-alh=.\CortexM3\ARM_GCC_541\Debug/DMA_Filter_dma.lst -g -D DEBUG -D CY_CORE_ID=0 -Wall -ffunction-sections -ffat-lto-objects -Og -c Generated_Source\PSoC5\DMA_Filter_dma.c -o .\CortexM3\ARM_GCC_541\Debug\DMA_Filter_dma.o
arm-none-eabi-gcc.exe -mcpu=cortex-m3 -mthumb -I. -IGenerated_Source\PSoC5 -Wa,-alh=.\CortexM3\ARM_GCC_541\Debug/isr_filter.lst -g -D DEBUG -D CY_CORE_ID=0 -Wall -ffunction-sections -ffat-lto-objects -Og -c Generated_Source\PSoC5\isr_filter.c -o .\CortexM3\ARM_GCC_541\Debug\isr_filter.o
arm-none-eabi-gcc.exe -mcpu=cortex-m3 -mthumb -I. -IGenerated_Source\PSoC5 -Wa,-alh=.\CortexM3\ARM_GCC_541\Debug/Trig_in.lst -g -D DEBUG -D CY_CORE_ID=0 -Wall -ffunction-sections -ffat-lto-objects -Og -c Generated_Source\PSoC5\Trig_in.c -o .\CortexM3\ARM_GCC_541\Debug\Trig_in.o
arm-none-eabi-gcc.exe -mcpu=cortex-m3 -mthumb -I. -IGenerated_Source\PSoC5 -Wa,-alh=.\CortexM3\ARM_GCC_541\Debug/isr_trigger.lst -g -D DEBUG -D CY_CORE_ID=0 -Wall -ffunction-sections -ffat-lto-objects -Og -c Generated_Source\PSoC5\isr_trigger.c -o .\CortexM3\ARM_GCC_541\Debug\isr_trigger.o
arm-none-eabi-gcc.exe -mcpu=cortex-m3 -mthumb -I. -IGenerated_Source\PSoC5 -Wa,-alh=.\CortexM3\ARM_GCC_541\Debug/Timer_triggerBlocking.lst -g -D DEBUG -D CY_CORE_ID=0 -Wall -ffunction-sections -ffat-lto-objects -Og -c Generated_Source\PSoC5\Timer_triggerBlocking.c -o .\CortexM3\ARM_GCC_541\Debug\Timer_triggerBlocking.o
arm-none-eabi-gcc.exe -mcpu=cortex-m3 -mthumb -I. -IGenerated_Source\PSoC5 -Wa,-alh=.\CortexM3\ARM_GCC_541\Debug/Timer_triggerBlocking_PM.lst -g -D DEBUG -D CY_CORE_ID=0 -Wall -ffunction-sections -ffat-lto-objects -Og -c Generated_Source\PSoC5\Timer_triggerBlocking_PM.c -o .\CortexM3\ARM_GCC_541\Debug\Timer_triggerBlocking_PM.o
arm-none-eabi-gcc.exe -mcpu=cortex-m3 -mthumb -I. -IGenerated_Source\PSoC5 -Wa,-alh=.\CortexM3\ARM_GCC_541\Debug/isr_triggerBlocking.lst -g -D DEBUG -D CY_CORE_ID=0 -Wall -ffunction-sections -ffat-lto-objects -Og -c Generated_Source\PSoC5\isr_triggerBlocking.c -o .\CortexM3\ARM_GCC_541\Debug\isr_triggerBlocking.o
arm-none-eabi-gcc.exe -mcpu=cortex-m3 -mthumb -I. -IGenerated_Source\PSoC5 -Wa,-alh=.\CortexM3\ARM_GCC_541\Debug/Clock_LO.lst -g -D DEBUG -D CY_CORE_ID=0 -Wall -ffunction-sections -ffat-lto-objects -Og -c Generated_Source\PSoC5\Clock_LO.c -o .\CortexM3\ARM_GCC_541\Debug\Clock_LO.o
arm-none-eabi-gcc.exe -mcpu=cortex-m3 -mthumb -I. -IGenerated_Source\PSoC5 -Wa,-alh=.\CortexM3\ARM_GCC_541\Debug/isr_mixerFreq.lst -g -D DEBUG -D CY_CORE_ID=0 -Wall -ffunction-sections -ffat-lto-objects -Og -c Generated_Source\PSoC5\isr_mixerFreq.c -o .\CortexM3\ARM_GCC_541\Debug\isr_mixerFreq.o
arm-none-eabi-gcc.exe -mcpu=cortex-m3 -mthumb -I. -IGenerated_Source\PSoC5 -Wa,-alh=.\CortexM3\ARM_GCC_541\Debug/PWM_hitIndicator.lst -g -D DEBUG -D CY_CORE_ID=0 -Wall -ffunction-sections -ffat-lto-objects -Og -c Generated_Source\PSoC5\PWM_hitIndicator.c -o .\CortexM3\ARM_GCC_541\Debug\PWM_hitIndicator.o
arm-none-eabi-gcc.exe -mcpu=cortex-m3 -mthumb -I. -IGenerated_Source\PSoC5 -Wa,-alh=.\CortexM3\ARM_GCC_541\Debug/PWM_hitIndicator_PM.lst -g -D DEBUG -D CY_CORE_ID=0 -Wall -ffunction-sections -ffat-lto-objects -Og -c Generated_Source\PSoC5\PWM_hitIndicator_PM.c -o .\CortexM3\ARM_GCC_541\Debug\PWM_hitIndicator_PM.o
arm-none-eabi-gcc.exe -mcpu=cortex-m3 -mthumb -I. -IGenerated_Source\PSoC5 -Wa,-alh=.\CortexM3\ARM_GCC_541\Debug/Ind_out.lst -g -D DEBUG -D CY_CORE_ID=0 -Wall -ffunction-sections -ffat-lto-objects -Og -c Generated_Source\PSoC5\Ind_out.c -o .\CortexM3\ARM_GCC_541\Debug\Ind_out.o
arm-none-eabi-gcc.exe -mcpu=cortex-m3 -mthumb -I. -IGenerated_Source\PSoC5 -Wa,-alh=.\CortexM3\ARM_GCC_541\Debug/pwm_clock.lst -g -D DEBUG -D CY_CORE_ID=0 -Wall -ffunction-sections -ffat-lto-objects -Og -c Generated_Source\PSoC5\pwm_clock.c -o .\CortexM3\ARM_GCC_541\Debug\pwm_clock.o
arm-none-eabi-gcc.exe -mcpu=cortex-m3 -mthumb -I. -IGenerated_Source\PSoC5 -Wa,-alh=.\CortexM3\ARM_GCC_541\Debug/I2C_req.lst -g -D DEBUG -D CY_CORE_ID=0 -Wall -ffunction-sections -ffat-lto-objects -Og -c Generated_Source\PSoC5\I2C_req.c -o .\CortexM3\ARM_GCC_541\Debug\I2C_req.o
arm-none-eabi-gcc.exe -mcpu=cortex-m3 -mthumb -I. -IGenerated_Source\PSoC5 -Wa,-alh=.\CortexM3\ARM_GCC_541\Debug/SDA.lst -g -D DEBUG -D CY_CORE_ID=0 -Wall -ffunction-sections -ffat-lto-objects -Og -c Generated_Source\PSoC5\SDA.c -o .\CortexM3\ARM_GCC_541\Debug\SDA.o
arm-none-eabi-gcc.exe -mcpu=cortex-m3 -mthumb -I. -IGenerated_Source\PSoC5 -Wa,-alh=.\CortexM3\ARM_GCC_541\Debug/SCL.lst -g -D DEBUG -D CY_CORE_ID=0 -Wall -ffunction-sections -ffat-lto-objects -Og -c Generated_Source\PSoC5\SCL.c -o .\CortexM3\ARM_GCC_541\Debug\SCL.o
arm-none-eabi-gcc.exe -mcpu=cortex-m3 -mthumb -I. -IGenerated_Source\PSoC5 -Wa,-alh=.\CortexM3\ARM_GCC_541\Debug/I2C.lst -g -D DEBUG -D CY_CORE_ID=0 -Wall -ffunction-sections -ffat-lto-objects -Og -c Generated_Source\PSoC5\I2C.c -o .\CortexM3\ARM_GCC_541\Debug\I2C.o
arm-none-eabi-gcc.exe -mcpu=cortex-m3 -mthumb -I. -IGenerated_Source\PSoC5 -Wa,-alh=.\CortexM3\ARM_GCC_541\Debug/I2C_BOOT.lst -g -D DEBUG -D CY_CORE_ID=0 -Wall -ffunction-sections -ffat-lto-objects -Og -c Generated_Source\PSoC5\I2C_BOOT.c -o .\CortexM3\ARM_GCC_541\Debug\I2C_BOOT.o
arm-none-eabi-gcc.exe -mcpu=cortex-m3 -mthumb -I. -IGenerated_Source\PSoC5 -Wa,-alh=.\CortexM3\ARM_GCC_541\Debug/I2C_INT.lst -g -D DEBUG -D CY_CORE_ID=0 -Wall -ffunction-sections -ffat-lto-objects -Og -c Generated_Source\PSoC5\I2C_INT.c -o .\CortexM3\ARM_GCC_541\Debug\I2C_INT.o
arm-none-eabi-gcc.exe -mcpu=cortex-m3 -mthumb -I. -IGenerated_Source\PSoC5 -Wa,-alh=.\CortexM3\ARM_GCC_541\Debug/I2C_PM.lst -g -D DEBUG -D CY_CORE_ID=0 -Wall -ffunction-sections -ffat-lto-objects -Og -c Generated_Source\PSoC5\I2C_PM.c -o .\CortexM3\ARM_GCC_541\Debug\I2C_PM.o
arm-none-eabi-gcc.exe -mcpu=cortex-m3 -mthumb -I. -IGenerated_Source\PSoC5 -Wa,-alh=.\CortexM3\ARM_GCC_541\Debug/I2C_SLAVE.lst -g -D DEBUG -D CY_CORE_ID=0 -Wall -ffunction-sections -ffat-lto-objects -Og -c Generated_Source\PSoC5\I2C_SLAVE.c -o .\CortexM3\ARM_GCC_541\Debug\I2C_SLAVE.o
arm-none-eabi-gcc.exe -mcpu=cortex-m3 -mthumb -I. -IGenerated_Source\PSoC5 -Wa,-alh=.\CortexM3\ARM_GCC_541\Debug/I2C_MASTER.lst -g -D DEBUG -D CY_CORE_ID=0 -Wall -ffunction-sections -ffat-lto-objects -Og -c Generated_Source\PSoC5\I2C_MASTER.c -o .\CortexM3\ARM_GCC_541\Debug\I2C_MASTER.o
arm-none-eabi-gcc.exe -mcpu=cortex-m3 -mthumb -I. -IGenerated_Source\PSoC5 -Wa,-alh=.\CortexM3\ARM_GCC_541\Debug/timer_clock.lst -g -D DEBUG -D CY_CORE_ID=0 -Wall -ffunction-sections -ffat-lto-objects -Og -c Generated_Source\PSoC5\timer_clock.c -o .\CortexM3\ARM_GCC_541\Debug\timer_clock.o
arm-none-eabi-gcc.exe -mcpu=cortex-m3 -mthumb -I. -IGenerated_Source\PSoC5 -Wa,-alh=.\CortexM3\ARM_GCC_541\Debug/mixerFreq_clock.lst -g -D DEBUG -D CY_CORE_ID=0 -Wall -ffunction-sections -ffat-lto-objects -Og -c Generated_Source\PSoC5\mixerFreq_clock.c -o .\CortexM3\ARM_GCC_541\Debug\mixerFreq_clock.o
arm-none-eabi-gcc.exe -mcpu=cortex-m3 -mthumb -I. -IGenerated_Source\PSoC5 -Wa,-alh=.\CortexM3\ARM_GCC_541\Debug/transmit_clock.lst -g -D DEBUG -D CY_CORE_ID=0 -Wall -ffunction-sections -ffat-lto-objects -Og -c Generated_Source\PSoC5\transmit_clock.c -o .\CortexM3\ARM_GCC_541\Debug\transmit_clock.o
arm-none-eabi-gcc.exe -mcpu=cortex-m3 -mthumb -I. -IGenerated_Source\PSoC5 -Wa,-alh=.\CortexM3\ARM_GCC_541\Debug/Transmit_out.lst -g -D DEBUG -D CY_CORE_ID=0 -Wall -ffunction-sections -ffat-lto-objects -Og -c Generated_Source\PSoC5\Transmit_out.c -o .\CortexM3\ARM_GCC_541\Debug\Transmit_out.o
arm-none-eabi-as.exe -mcpu=cortex-m3 -mthumb -I. -IGenerated_Source\PSoC5 -alh=.\CortexM3\ARM_GCC_541\Debug/CyBootAsmGnu.lst -g -W -o .\CortexM3\ARM_GCC_541\Debug\CyBootAsmGnu.o Generated_Source\PSoC5\CyBootAsmGnu.s
arm-none-eabi-ar.exe -rs .\CortexM3\ARM_GCC_541\Debug\userKitCtrlApp.a .\CortexM3\ARM_GCC_541\Debug\CyDmac.o .\CortexM3\ARM_GCC_541\Debug\CyFlash.o .\CortexM3\ARM_GCC_541\Debug\CyLib.o .\CortexM3\ARM_GCC_541\Debug\cyPm.o .\CortexM3\ARM_GCC_541\Debug\CySpc.o .\CortexM3\ARM_GCC_541\Debug\cyutils.o .\CortexM3\ARM_GCC_541\Debug\cy_em_eeprom.o .\CortexM3\ARM_GCC_541\Debug\TIA.o .\CortexM3\ARM_GCC_541\Debug\TIA_PM.o .\CortexM3\ARM_GCC_541\Debug\Rcv_in.o .\CortexM3\ARM_GCC_541\Debug\Mixer.o .\CortexM3\ARM_GCC_541\Debug\Mixer_PM.o .\CortexM3\ARM_GCC_541\Debug\ADC_DelSig.o .\CortexM3\ARM_GCC_541\Debug\ADC_DelSig_PM.o .\CortexM3\ARM_GCC_541\Debug\ADC_DelSig_INT.o .\CortexM3\ARM_GCC_541\Debug\ADC_DelSig_Ext_CP_Clk.o .\CortexM3\ARM_GCC_541\Debug\ADC_DelSig_IRQ.o .\CortexM3\ARM_GCC_541\Debug\ADC_DelSig_theACLK.o .\CortexM3\ARM_GCC_541\Debug\DMA_DelSig_dma.o .\CortexM3\ARM_GCC_541\Debug\Filter.o .\CortexM3\ARM_GCC_541\Debug\Filter_PM.o .\CortexM3\ARM_GCC_541\Debug\Filter_PVT.o .\CortexM3\ARM_GCC_541\Debug\Filter_RAM_Data.o .\CortexM3\ARM_GCC_541\Debug\Filter_Coefficients.o .\CortexM3\ARM_GCC_541\Debug\DMA_Filter_dma.o .\CortexM3\ARM_GCC_541\Debug\isr_filter.o .\CortexM3\ARM_GCC_541\Debug\Trig_in.o .\CortexM3\ARM_GCC_541\Debug\isr_trigger.o .\CortexM3\ARM_GCC_541\Debug\Timer_triggerBlocking.o .\CortexM3\ARM_GCC_541\Debug\Timer_triggerBlocking_PM.o .\CortexM3\ARM_GCC_541\Debug\isr_triggerBlocking.o .\CortexM3\ARM_GCC_541\Debug\Clock_LO.o .\CortexM3\ARM_GCC_541\Debug\isr_mixerFreq.o .\CortexM3\ARM_GCC_541\Debug\PWM_hitIndicator.o .\CortexM3\ARM_GCC_541\Debug\PWM_hitIndicator_PM.o .\CortexM3\ARM_GCC_541\Debug\Ind_out.o .\CortexM3\ARM_GCC_541\Debug\pwm_clock.o .\CortexM3\ARM_GCC_541\Debug\I2C_req.o .\CortexM3\ARM_GCC_541\Debug\SDA.o .\CortexM3\ARM_GCC_541\Debug\SCL.o .\CortexM3\ARM_GCC_541\Debug\I2C.o .\CortexM3\ARM_GCC_541\Debug\I2C_BOOT.o .\CortexM3\ARM_GCC_541\Debug\I2C_INT.o .\CortexM3\ARM_GCC_541\Debug\I2C_PM.o .\CortexM3\ARM_GCC_541\Debug\I2C_SLAVE.o .\CortexM3\ARM_GCC_541\Debug\I2C_MASTER.o .\CortexM3\ARM_GCC_541\Debug\timer_clock.o .\CortexM3\ARM_GCC_541\Debug\mixerFreq_clock.o .\CortexM3\ARM_GCC_541\Debug\transmit_clock.o .\CortexM3\ARM_GCC_541\Debug\Transmit_out.o .\CortexM3\ARM_GCC_541\Debug\CyBootAsmGnu.o
arm-none-eabi-ar.exe: creating .\CortexM3\ARM_GCC_541\Debug\userKitCtrlApp.a
arm-none-eabi-gcc.exe -Wl,--start-group -o C:\Users\fresi\Documents\GitHub\Laser-Tag-Project\PSoC\userKitCtrlApp.cydsn\CortexM3\ARM_GCC_541\Debug\userKitCtrlApp.elf .\CortexM3\ARM_GCC_541\Debug\main.o .\CortexM3\ARM_GCC_541\Debug\cyfitter_cfg.o .\CortexM3\ARM_GCC_541\Debug\cymetadata.o .\CortexM3\ARM_GCC_541\Debug\Cm3Start.o .\CortexM3\ARM_GCC_541\Debug\userKitCtrlApp.a "C:\Program Files (x86)\Cypress\PSoC Creator\4.2\PSoC Creator\psoc\content\cycomponentlibrary\CyComponentLibrary.cylib\CortexM3\ARM_GCC_541\Debug\CyComponentLibrary.a" -mcpu=cortex-m3 -mthumb -L Generated_Source\PSoC5 -Wl,-Map,.\CortexM3\ARM_GCC_541\Debug/userKitCtrlApp.map -T Generated_Source\PSoC5\cm3gcc.ld -specs=nano.specs -Wl,--gc-sections -g -ffunction-sections -Og -ffat-lto-objects -Wl,--end-group
cyelftool.exe -C C:\Users\fresi\Documents\GitHub\Laser-Tag-Project\PSoC\userKitCtrlApp.cydsn\CortexM3\ARM_GCC_541\Debug\userKitCtrlApp.elf --flash_row_size 256 --flash_size 262144 --flash_offset 0x00000000
No ELF section .cychecksum found, creating one
Application checksum calculated and stored in ELF section .cychecksum
Checksum calculated and stored in ELF section .cymeta
cyelftool.exe -S C:\Users\fresi\Documents\GitHub\Laser-Tag-Project\PSoC\userKitCtrlApp.cydsn\CortexM3\ARM_GCC_541\Debug\userKitCtrlApp.elf
Flash used: 10190 of 262144 bytes (3.9%).
SRAM used: 2633 of 65536 bytes (4.0%). Stack: 2048 bytes. Heap: 128 bytes.
--------------- Rebuild Succeeded: 05/16/2019 10:28:46 ---------------
