--------------- Build Started: 05/16/2019 16:20:02 Project: practiceKitCtrlApp, Configuration: ARM GCC 5.4-2016-q2-update Debug ---------------
cydsfit.exe -.appdatapath "C:\Users\fresi\AppData\Local\Cypress Semiconductor\PSoC Creator\4.2" -.fdsnotice -.fdswarpdepfile=warp_dependencies.txt -.fdselabdepfile=elab_dependencies.txt -.fdsbldfile=generated_files.txt -.fdsreffile=referenced_files.txt -p C:\Users\fresi\Documents\GitHub\Laser-Tag-Project\PSoC\practiceKitCtrlApp.cydsn\practiceKitCtrlApp.cyprj -d CY8C5888LTI-LP097 -s C:\Users\fresi\Documents\GitHub\Laser-Tag-Project\PSoC\practiceKitCtrlApp.cydsn\Generated_Source\PSoC5 -- -yv2 -q10 -ygs -o2 -v3 -.fftcfgtype=LE
Elaborating Design...
ADD: fit.M0029: information: Voltage Reference Information: Vref 'Vdda/2' is connected to terminal 'vminus' of '\ADC_DelSig:DSM\' but no direct hardware connection exists.
 * C:\Program Files (x86)\Cypress\PSoC Creator\4.2\PSoC Creator\psoc\content\CyComponentLibrary\CyComponentLibrary.cylib\ADC_DelSig_v3_30\PSoC5\ADC_DelSig_v3_30.cysch (Instance:DSM)
 * C:\Users\fresi\Documents\GitHub\Laser-Tag-Project\PSoC\practiceKitCtrlApp.cydsn\TopDesign\TopDesign.cysch (Instance:vRef_3)
HDL Generation...
Synthesis...
Tech Mapping...
ADD: pft.M0040: information: The following 1 pin(s) will be assigned a location by the fitter: Ind_out(0)
Analog Placement...
Log: apr.M0058: The analog placement iterative improvement is 46% done. (App=cydsfit)
Analog Routing...
Analog Code Generation...
Digital Placement...
Digital Routing...
Bitstream Generation...
Bitstream Verification...
Static timing analysis...
API Generation...
Dependency Generation...
Cleanup...
--------------- Build Succeeded: 05/16/2019 16:20:29 ---------------
